<component name="libraryTable">
  <library name="junit-4.12">
    <CLASSES>
      <root url="jar://$PROJECT_DIR$/lib/antlr-runtime-3.1.2.jar!/" />
      <root url="jar://$PROJECT_DIR$/lib/hamcrest-core-1.3.jar!/" />
      <root url="jar://$PROJECT_DIR$/lib/javaruntype-1.2.jar!/" />
      <root url="jar://$PROJECT_DIR$/lib/xstream.jar!/" />
      <root url="jar://$PROJECT_DIR$/../../../../../Year 1/Semester 2/Programming II/Eclipse Workspace/Gym/lib/junit-4.12.jar!/" />
      <root url="jar://$PROJECT_DIR$/../../../../../Year 1/Semester 2/Programming II/Eclipse Workspace/Gym/lib/junit-theories-4.12.jar!/" />
    </CLASSES>
    <JAVADOC />
    <SOURCES />
  </library>
</component>